INFO - 2024-09-06 04:52:04 --> Session: Class initialized using 'CodeIgniter\Session\Handlers\FileHandler' driver.
INFO - 2024-09-06 04:52:04 --> Session: Class initialized using 'CodeIgniter\Session\Handlers\FileHandler' driver.
INFO - 2024-09-06 04:53:53 --> Session: Class initialized using 'CodeIgniter\Session\Handlers\FileHandler' driver.
INFO - 2024-09-06 05:20:05 --> Session: Class initialized using 'CodeIgniter\Session\Handlers\FileHandler' driver.
INFO - 2024-09-06 05:20:09 --> Session: Class initialized using 'CodeIgniter\Session\Handlers\FileHandler' driver.
INFO - 2024-09-06 05:20:09 --> Session: Class initialized using 'CodeIgniter\Session\Handlers\FileHandler' driver.
INFO - 2024-09-06 05:23:49 --> Session: Class initialized using 'CodeIgniter\Session\Handlers\FileHandler' driver.
INFO - 2024-09-06 05:45:51 --> Session: Class initialized using 'CodeIgniter\Session\Handlers\FileHandler' driver.
INFO - 2024-09-06 05:45:55 --> Session: Class initialized using 'CodeIgniter\Session\Handlers\FileHandler' driver.
INFO - 2024-09-06 05:45:59 --> Session: Class initialized using 'CodeIgniter\Session\Handlers\FileHandler' driver.
INFO - 2024-09-06 05:46:01 --> Session: Class initialized using 'CodeIgniter\Session\Handlers\FileHandler' driver.
INFO - 2024-09-06 05:46:02 --> Session: Class initialized using 'CodeIgniter\Session\Handlers\FileHandler' driver.
INFO - 2024-09-06 05:46:05 --> Session: Class initialized using 'CodeIgniter\Session\Handlers\FileHandler' driver.
INFO - 2024-09-06 05:46:05 --> Session: Class initialized using 'CodeIgniter\Session\Handlers\FileHandler' driver.
INFO - 2024-09-06 05:50:47 --> Session: Class initialized using 'CodeIgniter\Session\Handlers\FileHandler' driver.
INFO - 2024-09-06 05:50:47 --> Session: Class initialized using 'CodeIgniter\Session\Handlers\FileHandler' driver.
INFO - 2024-09-06 05:50:49 --> Session: Class initialized using 'CodeIgniter\Session\Handlers\FileHandler' driver.
INFO - 2024-09-06 05:50:49 --> Session: Class initialized using 'CodeIgniter\Session\Handlers\FileHandler' driver.
INFO - 2024-09-06 05:50:52 --> Session: Class initialized using 'CodeIgniter\Session\Handlers\FileHandler' driver.
INFO - 2024-09-06 05:50:52 --> Session: Class initialized using 'CodeIgniter\Session\Handlers\FileHandler' driver.
INFO - 2024-09-06 05:51:45 --> Session: Class initialized using 'CodeIgniter\Session\Handlers\FileHandler' driver.
INFO - 2024-09-06 05:51:46 --> Session: Class initialized using 'CodeIgniter\Session\Handlers\FileHandler' driver.
INFO - 2024-09-06 05:51:48 --> Session: Class initialized using 'CodeIgniter\Session\Handlers\FileHandler' driver.
INFO - 2024-09-06 05:51:49 --> Session: Class initialized using 'CodeIgniter\Session\Handlers\FileHandler' driver.
INFO - 2024-09-06 05:51:49 --> Session: Class initialized using 'CodeIgniter\Session\Handlers\FileHandler' driver.
INFO - 2024-09-06 05:51:52 --> Session: Class initialized using 'CodeIgniter\Session\Handlers\FileHandler' driver.
INFO - 2024-09-06 05:52:07 --> Session: Class initialized using 'CodeIgniter\Session\Handlers\FileHandler' driver.
INFO - 2024-09-06 05:52:08 --> Session: Class initialized using 'CodeIgniter\Session\Handlers\FileHandler' driver.
INFO - 2024-09-06 05:52:08 --> Session: Class initialized using 'CodeIgniter\Session\Handlers\FileHandler' driver.
INFO - 2024-09-06 05:54:48 --> Session: Class initialized using 'CodeIgniter\Session\Handlers\FileHandler' driver.
INFO - 2024-09-06 06:04:24 --> Session: Class initialized using 'CodeIgniter\Session\Handlers\FileHandler' driver.
INFO - 2024-09-06 06:04:24 --> Session: Class initialized using 'CodeIgniter\Session\Handlers\FileHandler' driver.
INFO - 2024-09-06 06:04:25 --> Session: Class initialized using 'CodeIgniter\Session\Handlers\FileHandler' driver.
INFO - 2024-09-06 06:04:25 --> Session: Class initialized using 'CodeIgniter\Session\Handlers\FileHandler' driver.
INFO - 2024-09-06 06:04:30 --> Session: Class initialized using 'CodeIgniter\Session\Handlers\FileHandler' driver.
INFO - 2024-09-06 06:04:30 --> Session: Class initialized using 'CodeIgniter\Session\Handlers\FileHandler' driver.
INFO - 2024-09-06 06:04:39 --> Session: Class initialized using 'CodeIgniter\Session\Handlers\FileHandler' driver.
INFO - 2024-09-06 06:04:41 --> Session: Class initialized using 'CodeIgniter\Session\Handlers\FileHandler' driver.
INFO - 2024-09-06 06:04:42 --> Session: Class initialized using 'CodeIgniter\Session\Handlers\FileHandler' driver.
INFO - 2024-09-06 06:04:43 --> Session: Class initialized using 'CodeIgniter\Session\Handlers\FileHandler' driver.
INFO - 2024-09-06 06:04:43 --> Session: Class initialized using 'CodeIgniter\Session\Handlers\FileHandler' driver.
INFO - 2024-09-06 06:05:02 --> Session: Class initialized using 'CodeIgniter\Session\Handlers\FileHandler' driver.
INFO - 2024-09-06 06:05:02 --> Session: Class initialized using 'CodeIgniter\Session\Handlers\FileHandler' driver.
INFO - 2024-09-06 06:05:05 --> Session: Class initialized using 'CodeIgniter\Session\Handlers\FileHandler' driver.
INFO - 2024-09-06 06:05:08 --> Session: Class initialized using 'CodeIgniter\Session\Handlers\FileHandler' driver.
INFO - 2024-09-06 06:05:09 --> Session: Class initialized using 'CodeIgniter\Session\Handlers\FileHandler' driver.
INFO - 2024-09-06 06:05:09 --> Session: Class initialized using 'CodeIgniter\Session\Handlers\FileHandler' driver.
INFO - 2024-09-06 06:05:13 --> Session: Class initialized using 'CodeIgniter\Session\Handlers\FileHandler' driver.
INFO - 2024-09-06 06:05:14 --> Session: Class initialized using 'CodeIgniter\Session\Handlers\FileHandler' driver.
INFO - 2024-09-06 06:05:18 --> Session: Class initialized using 'CodeIgniter\Session\Handlers\FileHandler' driver.
INFO - 2024-09-06 06:05:18 --> Session: Class initialized using 'CodeIgniter\Session\Handlers\FileHandler' driver.
INFO - 2024-09-06 06:05:19 --> Session: Class initialized using 'CodeIgniter\Session\Handlers\FileHandler' driver.
INFO - 2024-09-06 06:05:21 --> Session: Class initialized using 'CodeIgniter\Session\Handlers\FileHandler' driver.
INFO - 2024-09-06 06:05:22 --> Session: Class initialized using 'CodeIgniter\Session\Handlers\FileHandler' driver.
INFO - 2024-09-06 06:05:24 --> Session: Class initialized using 'CodeIgniter\Session\Handlers\FileHandler' driver.
INFO - 2024-09-06 06:05:25 --> Session: Class initialized using 'CodeIgniter\Session\Handlers\FileHandler' driver.
INFO - 2024-09-06 06:05:29 --> Session: Class initialized using 'CodeIgniter\Session\Handlers\FileHandler' driver.
INFO - 2024-09-06 06:05:29 --> Session: Class initialized using 'CodeIgniter\Session\Handlers\FileHandler' driver.
INFO - 2024-09-06 06:05:30 --> Session: Class initialized using 'CodeIgniter\Session\Handlers\FileHandler' driver.
INFO - 2024-09-06 06:05:30 --> Session: Class initialized using 'CodeIgniter\Session\Handlers\FileHandler' driver.
INFO - 2024-09-06 06:19:56 --> Session: Class initialized using 'CodeIgniter\Session\Handlers\FileHandler' driver.
INFO - 2024-09-06 06:19:56 --> Session: Class initialized using 'CodeIgniter\Session\Handlers\FileHandler' driver.
INFO - 2024-09-06 06:19:58 --> Session: Class initialized using 'CodeIgniter\Session\Handlers\FileHandler' driver.
INFO - 2024-09-06 06:19:59 --> Session: Class initialized using 'CodeIgniter\Session\Handlers\FileHandler' driver.
INFO - 2024-09-06 06:19:59 --> Session: Class initialized using 'CodeIgniter\Session\Handlers\FileHandler' driver.
INFO - 2024-09-06 06:20:03 --> Session: Class initialized using 'CodeIgniter\Session\Handlers\FileHandler' driver.
INFO - 2024-09-06 06:20:06 --> Session: Class initialized using 'CodeIgniter\Session\Handlers\FileHandler' driver.
INFO - 2024-09-06 06:20:07 --> Session: Class initialized using 'CodeIgniter\Session\Handlers\FileHandler' driver.
INFO - 2024-09-06 06:20:08 --> Session: Class initialized using 'CodeIgniter\Session\Handlers\FileHandler' driver.
INFO - 2024-09-06 06:20:08 --> Session: Class initialized using 'CodeIgniter\Session\Handlers\FileHandler' driver.
INFO - 2024-09-06 06:20:11 --> Session: Class initialized using 'CodeIgniter\Session\Handlers\FileHandler' driver.
INFO - 2024-09-06 06:20:11 --> Session: Class initialized using 'CodeIgniter\Session\Handlers\FileHandler' driver.
INFO - 2024-09-06 06:20:55 --> Session: Class initialized using 'CodeIgniter\Session\Handlers\FileHandler' driver.
INFO - 2024-09-06 06:20:56 --> Session: Class initialized using 'CodeIgniter\Session\Handlers\FileHandler' driver.
INFO - 2024-09-06 06:20:58 --> Session: Class initialized using 'CodeIgniter\Session\Handlers\FileHandler' driver.
INFO - 2024-09-06 06:20:59 --> Session: Class initialized using 'CodeIgniter\Session\Handlers\FileHandler' driver.
INFO - 2024-09-06 06:20:59 --> Session: Class initialized using 'CodeIgniter\Session\Handlers\FileHandler' driver.
INFO - 2024-09-06 06:21:36 --> Session: Class initialized using 'CodeIgniter\Session\Handlers\FileHandler' driver.
INFO - 2024-09-06 06:21:37 --> Session: Class initialized using 'CodeIgniter\Session\Handlers\FileHandler' driver.
INFO - 2024-09-06 06:21:37 --> Session: Class initialized using 'CodeIgniter\Session\Handlers\FileHandler' driver.
INFO - 2024-09-06 06:21:42 --> Session: Class initialized using 'CodeIgniter\Session\Handlers\FileHandler' driver.
INFO - 2024-09-06 06:21:44 --> Session: Class initialized using 'CodeIgniter\Session\Handlers\FileHandler' driver.
INFO - 2024-09-06 06:21:45 --> Session: Class initialized using 'CodeIgniter\Session\Handlers\FileHandler' driver.
INFO - 2024-09-06 06:21:45 --> Session: Class initialized using 'CodeIgniter\Session\Handlers\FileHandler' driver.
INFO - 2024-09-06 06:22:24 --> Session: Class initialized using 'CodeIgniter\Session\Handlers\FileHandler' driver.
INFO - 2024-09-06 06:24:43 --> Session: Class initialized using 'CodeIgniter\Session\Handlers\FileHandler' driver.
INFO - 2024-09-06 06:24:45 --> Session: Class initialized using 'CodeIgniter\Session\Handlers\FileHandler' driver.
INFO - 2024-09-06 06:24:46 --> Session: Class initialized using 'CodeIgniter\Session\Handlers\FileHandler' driver.
INFO - 2024-09-06 06:24:51 --> Session: Class initialized using 'CodeIgniter\Session\Handlers\FileHandler' driver.
INFO - 2024-09-06 06:24:54 --> Session: Class initialized using 'CodeIgniter\Session\Handlers\FileHandler' driver.
INFO - 2024-09-06 06:24:56 --> Session: Class initialized using 'CodeIgniter\Session\Handlers\FileHandler' driver.
INFO - 2024-09-06 06:24:56 --> Session: Class initialized using 'CodeIgniter\Session\Handlers\FileHandler' driver.
INFO - 2024-09-06 06:25:05 --> Session: Class initialized using 'CodeIgniter\Session\Handlers\FileHandler' driver.
INFO - 2024-09-06 06:25:08 --> Session: Class initialized using 'CodeIgniter\Session\Handlers\FileHandler' driver.
INFO - 2024-09-06 06:25:27 --> Session: Class initialized using 'CodeIgniter\Session\Handlers\FileHandler' driver.
INFO - 2024-09-06 06:25:29 --> Session: Class initialized using 'CodeIgniter\Session\Handlers\FileHandler' driver.
INFO - 2024-09-06 06:26:40 --> Session: Class initialized using 'CodeIgniter\Session\Handlers\FileHandler' driver.
ERROR - 2024-09-06 06:26:40 --> mysqli_sql_exception: Cannot truncate a table referenced in a foreign key constraint (`essilor`.`jobtask`, CONSTRAINT `fk_ecpid` FOREIGN KEY (`ecpid`) REFERENCES `essilor`.`ecp` (`id`)) in /opt/lampp/htdocs/essilor/vendor/codeigniter4/framework/system/Database/MySQLi/Connection.php:295
Stack trace:
#0 /opt/lampp/htdocs/essilor/vendor/codeigniter4/framework/system/Database/MySQLi/Connection.php(295): mysqli->query('TRUNCATE `ecp`', 0)
#1 /opt/lampp/htdocs/essilor/vendor/codeigniter4/framework/system/Database/BaseConnection.php(691): CodeIgniter\Database\MySQLi\Connection->execute('TRUNCATE `ecp`')
#2 /opt/lampp/htdocs/essilor/vendor/codeigniter4/framework/system/Database/BaseConnection.php(605): CodeIgniter\Database\BaseConnection->simpleQuery('TRUNCATE `ecp`')
#3 /opt/lampp/htdocs/essilor/vendor/codeigniter4/framework/system/Database/BaseBuilder.php(2721): CodeIgniter\Database\BaseConnection->query('TRUNCATE `ecp`', NULL, false)
#4 /opt/lampp/htdocs/essilor/app/Models/EcpModel.php(17): CodeIgniter\Database\BaseBuilder->truncate()
#5 /opt/lampp/htdocs/essilor/app/Controllers/Data.php(94): App\Models\EcpModel->trancateData()
#6 /opt/lampp/htdocs/essilor/vendor/codeigniter4/framework/system/CodeIgniter.php(934): App\Controllers\Data->ImportECP()
#7 /opt/lampp/htdocs/essilor/vendor/codeigniter4/framework/system/CodeIgniter.php(499): CodeIgniter\CodeIgniter->runController(Object(App\Controllers\Data))
#8 /opt/lampp/htdocs/essilor/vendor/codeigniter4/framework/system/CodeIgniter.php(368): CodeIgniter\CodeIgniter->handleRequest(NULL, Object(Config\Cache), false)
#9 /opt/lampp/htdocs/essilor/index.php(67): CodeIgniter\CodeIgniter->run()
#10 {main}
CRITICAL - 2024-09-06 06:26:40 --> Cannot truncate a table referenced in a foreign key constraint (`essilor`.`jobtask`, CONSTRAINT `fk_ecpid` FOREIGN KEY (`ecpid`) REFERENCES `essilor`.`ecp` (`id`))
in SYSTEMPATH/Database/BaseConnection.php on line 645.
 1 SYSTEMPATH/Database/BaseBuilder.php(2721): CodeIgniter\Database\BaseConnection->query('TRUNCATE `ecp`', null, false)
 2 APPPATH/Models/EcpModel.php(17): CodeIgniter\Database\BaseBuilder->truncate()
 3 APPPATH/Controllers/Data.php(94): App\Models\EcpModel->trancateData()
 4 SYSTEMPATH/CodeIgniter.php(934): App\Controllers\Data->ImportECP()
 5 SYSTEMPATH/CodeIgniter.php(499): CodeIgniter\CodeIgniter->runController(Object(App\Controllers\Data))
 6 SYSTEMPATH/CodeIgniter.php(368): CodeIgniter\CodeIgniter->handleRequest(null, Object(Config\Cache), false)
 7 FCPATH/index.php(67): CodeIgniter\CodeIgniter->run()
INFO - 2024-09-06 06:26:51 --> Session: Class initialized using 'CodeIgniter\Session\Handlers\FileHandler' driver.
INFO - 2024-09-06 06:26:51 --> Session: Class initialized using 'CodeIgniter\Session\Handlers\FileHandler' driver.
INFO - 2024-09-06 06:26:53 --> Session: Class initialized using 'CodeIgniter\Session\Handlers\FileHandler' driver.
INFO - 2024-09-06 06:26:53 --> Session: Class initialized using 'CodeIgniter\Session\Handlers\FileHandler' driver.
INFO - 2024-09-06 06:28:58 --> Session: Class initialized using 'CodeIgniter\Session\Handlers\FileHandler' driver.
INFO - 2024-09-06 06:29:00 --> Session: Class initialized using 'CodeIgniter\Session\Handlers\FileHandler' driver.
INFO - 2024-09-06 06:29:01 --> Session: Class initialized using 'CodeIgniter\Session\Handlers\FileHandler' driver.
INFO - 2024-09-06 06:29:04 --> Session: Class initialized using 'CodeIgniter\Session\Handlers\FileHandler' driver.
INFO - 2024-09-06 06:29:05 --> Session: Class initialized using 'CodeIgniter\Session\Handlers\FileHandler' driver.
ERROR - 2024-09-06 06:29:05 --> mysqli_sql_exception: Cannot truncate a table referenced in a foreign key constraint (`essilor`.`jobtask`, CONSTRAINT `fk_ecpid` FOREIGN KEY (`ecpid`) REFERENCES `essilor`.`ecp` (`id`)) in /opt/lampp/htdocs/essilor/vendor/codeigniter4/framework/system/Database/MySQLi/Connection.php:295
Stack trace:
#0 /opt/lampp/htdocs/essilor/vendor/codeigniter4/framework/system/Database/MySQLi/Connection.php(295): mysqli->query('TRUNCATE `ecp`', 0)
#1 /opt/lampp/htdocs/essilor/vendor/codeigniter4/framework/system/Database/BaseConnection.php(691): CodeIgniter\Database\MySQLi\Connection->execute('TRUNCATE `ecp`')
#2 /opt/lampp/htdocs/essilor/vendor/codeigniter4/framework/system/Database/BaseConnection.php(605): CodeIgniter\Database\BaseConnection->simpleQuery('TRUNCATE `ecp`')
#3 /opt/lampp/htdocs/essilor/vendor/codeigniter4/framework/system/Database/BaseBuilder.php(2721): CodeIgniter\Database\BaseConnection->query('TRUNCATE `ecp`', NULL, false)
#4 /opt/lampp/htdocs/essilor/app/Models/EcpModel.php(17): CodeIgniter\Database\BaseBuilder->truncate()
#5 /opt/lampp/htdocs/essilor/app/Controllers/Data.php(94): App\Models\EcpModel->trancateData()
#6 /opt/lampp/htdocs/essilor/vendor/codeigniter4/framework/system/CodeIgniter.php(934): App\Controllers\Data->ImportECP()
#7 /opt/lampp/htdocs/essilor/vendor/codeigniter4/framework/system/CodeIgniter.php(499): CodeIgniter\CodeIgniter->runController(Object(App\Controllers\Data))
#8 /opt/lampp/htdocs/essilor/vendor/codeigniter4/framework/system/CodeIgniter.php(368): CodeIgniter\CodeIgniter->handleRequest(NULL, Object(Config\Cache), false)
#9 /opt/lampp/htdocs/essilor/index.php(67): CodeIgniter\CodeIgniter->run()
#10 {main}
CRITICAL - 2024-09-06 06:29:05 --> Cannot truncate a table referenced in a foreign key constraint (`essilor`.`jobtask`, CONSTRAINT `fk_ecpid` FOREIGN KEY (`ecpid`) REFERENCES `essilor`.`ecp` (`id`))
in SYSTEMPATH/Database/BaseConnection.php on line 645.
 1 SYSTEMPATH/Database/BaseBuilder.php(2721): CodeIgniter\Database\BaseConnection->query('TRUNCATE `ecp`', null, false)
 2 APPPATH/Models/EcpModel.php(17): CodeIgniter\Database\BaseBuilder->truncate()
 3 APPPATH/Controllers/Data.php(94): App\Models\EcpModel->trancateData()
 4 SYSTEMPATH/CodeIgniter.php(934): App\Controllers\Data->ImportECP()
 5 SYSTEMPATH/CodeIgniter.php(499): CodeIgniter\CodeIgniter->runController(Object(App\Controllers\Data))
 6 SYSTEMPATH/CodeIgniter.php(368): CodeIgniter\CodeIgniter->handleRequest(null, Object(Config\Cache), false)
 7 FCPATH/index.php(67): CodeIgniter\CodeIgniter->run()
INFO - 2024-09-06 06:29:07 --> Session: Class initialized using 'CodeIgniter\Session\Handlers\FileHandler' driver.
INFO - 2024-09-06 06:29:07 --> Session: Class initialized using 'CodeIgniter\Session\Handlers\FileHandler' driver.
INFO - 2024-09-06 06:31:01 --> Session: Class initialized using 'CodeIgniter\Session\Handlers\FileHandler' driver.
INFO - 2024-09-06 06:31:01 --> Session: Class initialized using 'CodeIgniter\Session\Handlers\FileHandler' driver.
ERROR - 2024-09-06 06:31:01 --> mysqli_sql_exception: Cannot truncate a table referenced in a foreign key constraint (`essilor`.`jobtask`, CONSTRAINT `fk_ecpid` FOREIGN KEY (`ecpid`) REFERENCES `essilor`.`ecp` (`id`)) in /opt/lampp/htdocs/essilor/vendor/codeigniter4/framework/system/Database/MySQLi/Connection.php:295
Stack trace:
#0 /opt/lampp/htdocs/essilor/vendor/codeigniter4/framework/system/Database/MySQLi/Connection.php(295): mysqli->query('TRUNCATE `ecp`', 0)
#1 /opt/lampp/htdocs/essilor/vendor/codeigniter4/framework/system/Database/BaseConnection.php(691): CodeIgniter\Database\MySQLi\Connection->execute('TRUNCATE `ecp`')
#2 /opt/lampp/htdocs/essilor/vendor/codeigniter4/framework/system/Database/BaseConnection.php(605): CodeIgniter\Database\BaseConnection->simpleQuery('TRUNCATE `ecp`')
#3 /opt/lampp/htdocs/essilor/vendor/codeigniter4/framework/system/Database/BaseBuilder.php(2721): CodeIgniter\Database\BaseConnection->query('TRUNCATE `ecp`', NULL, false)
#4 /opt/lampp/htdocs/essilor/app/Models/EcpModel.php(17): CodeIgniter\Database\BaseBuilder->truncate()
#5 /opt/lampp/htdocs/essilor/app/Controllers/Data.php(94): App\Models\EcpModel->trancateData()
#6 /opt/lampp/htdocs/essilor/vendor/codeigniter4/framework/system/CodeIgniter.php(934): App\Controllers\Data->ImportECP()
#7 /opt/lampp/htdocs/essilor/vendor/codeigniter4/framework/system/CodeIgniter.php(499): CodeIgniter\CodeIgniter->runController(Object(App\Controllers\Data))
#8 /opt/lampp/htdocs/essilor/vendor/codeigniter4/framework/system/CodeIgniter.php(368): CodeIgniter\CodeIgniter->handleRequest(NULL, Object(Config\Cache), false)
#9 /opt/lampp/htdocs/essilor/index.php(67): CodeIgniter\CodeIgniter->run()
#10 {main}
CRITICAL - 2024-09-06 06:31:01 --> Cannot truncate a table referenced in a foreign key constraint (`essilor`.`jobtask`, CONSTRAINT `fk_ecpid` FOREIGN KEY (`ecpid`) REFERENCES `essilor`.`ecp` (`id`))
in SYSTEMPATH/Database/BaseConnection.php on line 645.
 1 SYSTEMPATH/Database/BaseBuilder.php(2721): CodeIgniter\Database\BaseConnection->query('TRUNCATE `ecp`', null, false)
 2 APPPATH/Models/EcpModel.php(17): CodeIgniter\Database\BaseBuilder->truncate()
 3 APPPATH/Controllers/Data.php(94): App\Models\EcpModel->trancateData()
 4 SYSTEMPATH/CodeIgniter.php(934): App\Controllers\Data->ImportECP()
 5 SYSTEMPATH/CodeIgniter.php(499): CodeIgniter\CodeIgniter->runController(Object(App\Controllers\Data))
 6 SYSTEMPATH/CodeIgniter.php(368): CodeIgniter\CodeIgniter->handleRequest(null, Object(Config\Cache), false)
 7 FCPATH/index.php(67): CodeIgniter\CodeIgniter->run()
INFO - 2024-09-06 06:31:04 --> Session: Class initialized using 'CodeIgniter\Session\Handlers\FileHandler' driver.
INFO - 2024-09-06 06:31:05 --> Session: Class initialized using 'CodeIgniter\Session\Handlers\FileHandler' driver.
INFO - 2024-09-06 06:31:10 --> Session: Class initialized using 'CodeIgniter\Session\Handlers\FileHandler' driver.
INFO - 2024-09-06 06:31:12 --> Session: Class initialized using 'CodeIgniter\Session\Handlers\FileHandler' driver.
INFO - 2024-09-06 06:31:13 --> Session: Class initialized using 'CodeIgniter\Session\Handlers\FileHandler' driver.
INFO - 2024-09-06 06:31:20 --> Session: Class initialized using 'CodeIgniter\Session\Handlers\FileHandler' driver.
ERROR - 2024-09-06 06:31:21 --> mysqli_sql_exception: Cannot truncate a table referenced in a foreign key constraint (`essilor`.`jobtask`, CONSTRAINT `fk_ecpid` FOREIGN KEY (`ecpid`) REFERENCES `essilor`.`ecp` (`id`)) in /opt/lampp/htdocs/essilor/vendor/codeigniter4/framework/system/Database/MySQLi/Connection.php:295
Stack trace:
#0 /opt/lampp/htdocs/essilor/vendor/codeigniter4/framework/system/Database/MySQLi/Connection.php(295): mysqli->query('TRUNCATE `ecp`', 0)
#1 /opt/lampp/htdocs/essilor/vendor/codeigniter4/framework/system/Database/BaseConnection.php(691): CodeIgniter\Database\MySQLi\Connection->execute('TRUNCATE `ecp`')
#2 /opt/lampp/htdocs/essilor/vendor/codeigniter4/framework/system/Database/BaseConnection.php(605): CodeIgniter\Database\BaseConnection->simpleQuery('TRUNCATE `ecp`')
#3 /opt/lampp/htdocs/essilor/vendor/codeigniter4/framework/system/Database/BaseBuilder.php(2721): CodeIgniter\Database\BaseConnection->query('TRUNCATE `ecp`', NULL, false)
#4 /opt/lampp/htdocs/essilor/app/Models/EcpModel.php(17): CodeIgniter\Database\BaseBuilder->truncate()
#5 /opt/lampp/htdocs/essilor/app/Controllers/Data.php(94): App\Models\EcpModel->trancateData()
#6 /opt/lampp/htdocs/essilor/vendor/codeigniter4/framework/system/CodeIgniter.php(934): App\Controllers\Data->ImportECP()
#7 /opt/lampp/htdocs/essilor/vendor/codeigniter4/framework/system/CodeIgniter.php(499): CodeIgniter\CodeIgniter->runController(Object(App\Controllers\Data))
#8 /opt/lampp/htdocs/essilor/vendor/codeigniter4/framework/system/CodeIgniter.php(368): CodeIgniter\CodeIgniter->handleRequest(NULL, Object(Config\Cache), false)
#9 /opt/lampp/htdocs/essilor/index.php(67): CodeIgniter\CodeIgniter->run()
#10 {main}
CRITICAL - 2024-09-06 06:31:21 --> Cannot truncate a table referenced in a foreign key constraint (`essilor`.`jobtask`, CONSTRAINT `fk_ecpid` FOREIGN KEY (`ecpid`) REFERENCES `essilor`.`ecp` (`id`))
in SYSTEMPATH/Database/BaseConnection.php on line 645.
 1 SYSTEMPATH/Database/BaseBuilder.php(2721): CodeIgniter\Database\BaseConnection->query('TRUNCATE `ecp`', null, false)
 2 APPPATH/Models/EcpModel.php(17): CodeIgniter\Database\BaseBuilder->truncate()
 3 APPPATH/Controllers/Data.php(94): App\Models\EcpModel->trancateData()
 4 SYSTEMPATH/CodeIgniter.php(934): App\Controllers\Data->ImportECP()
 5 SYSTEMPATH/CodeIgniter.php(499): CodeIgniter\CodeIgniter->runController(Object(App\Controllers\Data))
 6 SYSTEMPATH/CodeIgniter.php(368): CodeIgniter\CodeIgniter->handleRequest(null, Object(Config\Cache), false)
 7 FCPATH/index.php(67): CodeIgniter\CodeIgniter->run()
INFO - 2024-09-06 06:36:00 --> Session: Class initialized using 'CodeIgniter\Session\Handlers\FileHandler' driver.
INFO - 2024-09-06 06:36:03 --> Session: Class initialized using 'CodeIgniter\Session\Handlers\FileHandler' driver.
INFO - 2024-09-06 06:36:03 --> Session: Class initialized using 'CodeIgniter\Session\Handlers\FileHandler' driver.
INFO - 2024-09-06 06:36:08 --> Session: Class initialized using 'CodeIgniter\Session\Handlers\FileHandler' driver.
ERROR - 2024-09-06 06:36:08 --> mysqli_sql_exception: Column 'evening_only' cannot be null in /opt/lampp/htdocs/essilor/vendor/codeigniter4/framework/system/Database/MySQLi/Connection.php:295
Stack trace:
#0 /opt/lampp/htdocs/essilor/vendor/codeigniter4/framework/system/Database/MySQLi/Connection.php(295): mysqli->query('INSERT INTO `ec...', 0)
#1 /opt/lampp/htdocs/essilor/vendor/codeigniter4/framework/system/Database/BaseConnection.php(691): CodeIgniter\Database\MySQLi\Connection->execute('INSERT INTO `ec...')
#2 /opt/lampp/htdocs/essilor/vendor/codeigniter4/framework/system/Database/BaseConnection.php(605): CodeIgniter\Database\BaseConnection->simpleQuery('INSERT INTO `ec...')
#3 /opt/lampp/htdocs/essilor/vendor/codeigniter4/framework/system/Database/BaseBuilder.php(1801): CodeIgniter\Database\BaseConnection->query('INSERT INTO `ec...', NULL, false)
#4 /opt/lampp/htdocs/essilor/vendor/codeigniter4/framework/system/Database/BaseBuilder.php(1929): CodeIgniter\Database\BaseBuilder->batchExecute('_upsertBatch')
#5 /opt/lampp/htdocs/essilor/app/Models/EcpModel.php(12): CodeIgniter\Database\BaseBuilder->upsert(Array, true)
#6 /opt/lampp/htdocs/essilor/app/Controllers/Data.php(167): App\Models\EcpModel->insertValue(Array)
#7 /opt/lampp/htdocs/essilor/vendor/codeigniter4/framework/system/CodeIgniter.php(934): App\Controllers\Data->ImportECP()
#8 /opt/lampp/htdocs/essilor/vendor/codeigniter4/framework/system/CodeIgniter.php(499): CodeIgniter\CodeIgniter->runController(Object(App\Controllers\Data))
#9 /opt/lampp/htdocs/essilor/vendor/codeigniter4/framework/system/CodeIgniter.php(368): CodeIgniter\CodeIgniter->handleRequest(NULL, Object(Config\Cache), false)
#10 /opt/lampp/htdocs/essilor/index.php(67): CodeIgniter\CodeIgniter->run()
#11 {main}
CRITICAL - 2024-09-06 06:36:08 --> Column 'evening_only' cannot be null
in SYSTEMPATH/Database/BaseConnection.php on line 645.
 1 SYSTEMPATH/Database/BaseBuilder.php(1801): CodeIgniter\Database\BaseConnection->query('INSERT INTO `ecp` (`bu`, `c_customer_parent_group`, `c_experts`, `c_partner`, `customer_alert_1`, `customer_alert_2`, `customer_alert_3`, `customer_cd`, `customer_name`, `evening_only`, `leave_bill`, `logis_comment`, `logis_delivery`, `logis_note`, `logis_note2`, `logis_remark`, `morning_only`, `nikon_lenswear_partner`, `payment_term_cd`, `promo_code`, `promo_details`, `promo_end_date`, `promo_name`, `promo_start_date`, `promo_type`, `region`, `routecode`, `routename`, `show_price`, `store_comment`, `upgrade_azio`, `upgrade_coating`, `upgrade_f360`, `working_day_only`)
VALUES (NULL,NULL,NULL,NULL,NULL,NULL,NULL,\'BO0002\',\'บริษัท โอ ทู พลัส จำกัด\',NULL,NULL,NULL,NULL,NULL,NULL,NULL,NULL,NULL,\'CREDIT\',NULL,NULL,NULL,NULL,NULL,NULL,NULL,NULL,NULL,NULL,NULL,\'No\',\'No\',\'No\',NULL)
ON DUPLICATE KEY UPDATE
`ecp`.`bu` = VALUES(`bu`),
`ecp`.`c_customer_parent_group` = VALUES(`c_customer_parent_group`),
`ecp`.`c_experts` = VALUES(`c_experts`),
`ecp`.`c_partner` = VALUES(`c_partner`),
`ecp`.`customer_alert_1` = VALUES(`customer_alert_1`),
`ecp`.`customer_alert_2` = VALUES(`customer_alert_2`),
`ecp`.`customer_alert_3` = VALUES(`customer_alert_3`),
`ecp`.`customer_cd` = VALUES(`customer_cd`),
`ecp`.`customer_name` = VALUES(`customer_name`),
`ecp`.`evening_only` = VALUES(`evening_only`),
`ecp`.`leave_bill` = VALUES(`leave_bill`),
`ecp`.`logis_comment` = VALUES(`logis_comment`),
`ecp`.`logis_delivery` = VALUES(`logis_delivery`),
`ecp`.`logis_note` = VALUES(`logis_note`),
`ecp`.`logis_note2` = VALUES(`logis_note2`),
`ecp`.`logis_remark` = VALUES(`logis_remark`),
`ecp`.`morning_only` = VALUES(`morning_only`),
`ecp`.`nikon_lenswear_partner` = VALUES(`nikon_lenswear_partner`),
`ecp`.`payment_term_cd` = VALUES(`payment_term_cd`),
`ecp`.`promo_code` = VALUES(`promo_code`),
`ecp`.`promo_details` = VALUES(`promo_details`),
`ecp`.`promo_end_date` = VALUES(`promo_end_date`),
`ecp`.`promo_name` = VALUES(`promo_name`),
`ecp`.`promo_start_date` = VALUES(`promo_start_date`),
`ecp`.`promo_type` = VALUES(`promo_type`),
`ecp`.`region` = VALUES(`region`),
`ecp`.`routecode` = VALUES(`routecode`),
`ecp`.`routename` = VALUES(`routename`),
`ecp`.`show_price` = VALUES(`show_price`),
`ecp`.`store_comment` = VALUES(`store_comment`),
`ecp`.`upgrade_azio` = VALUES(`upgrade_azio`),
`ecp`.`upgrade_coating` = VALUES(`upgrade_coating`),
`ecp`.`upgrade_f360` = VALUES(`upgrade_f360`),
`ecp`.`working_day_only` = VALUES(`working_day_only`)', null, false)
 2 SYSTEMPATH/Database/BaseBuilder.php(1929): CodeIgniter\Database\BaseBuilder->batchExecute('_upsertBatch')
 3 APPPATH/Models/EcpModel.php(12): CodeIgniter\Database\BaseBuilder->upsert([...], true)
 4 APPPATH/Controllers/Data.php(167): App\Models\EcpModel->insertValue([...])
 5 SYSTEMPATH/CodeIgniter.php(934): App\Controllers\Data->ImportECP()
 6 SYSTEMPATH/CodeIgniter.php(499): CodeIgniter\CodeIgniter->runController(Object(App\Controllers\Data))
 7 SYSTEMPATH/CodeIgniter.php(368): CodeIgniter\CodeIgniter->handleRequest(null, Object(Config\Cache), false)
 8 FCPATH/index.php(67): CodeIgniter\CodeIgniter->run()
INFO - 2024-09-06 06:39:24 --> Session: Class initialized using 'CodeIgniter\Session\Handlers\FileHandler' driver.
INFO - 2024-09-06 06:39:27 --> Session: Class initialized using 'CodeIgniter\Session\Handlers\FileHandler' driver.
INFO - 2024-09-06 06:39:28 --> Session: Class initialized using 'CodeIgniter\Session\Handlers\FileHandler' driver.
INFO - 2024-09-06 06:39:34 --> Session: Class initialized using 'CodeIgniter\Session\Handlers\FileHandler' driver.
INFO - 2024-09-06 06:39:47 --> Session: Class initialized using 'CodeIgniter\Session\Handlers\FileHandler' driver.
INFO - 2024-09-06 06:39:50 --> Session: Class initialized using 'CodeIgniter\Session\Handlers\FileHandler' driver.
INFO - 2024-09-06 06:39:50 --> Session: Class initialized using 'CodeIgniter\Session\Handlers\FileHandler' driver.
INFO - 2024-09-06 06:46:08 --> Session: Class initialized using 'CodeIgniter\Session\Handlers\FileHandler' driver.
INFO - 2024-09-06 06:46:08 --> Session: Class initialized using 'CodeIgniter\Session\Handlers\FileHandler' driver.
INFO - 2024-09-06 06:46:11 --> Session: Class initialized using 'CodeIgniter\Session\Handlers\FileHandler' driver.
INFO - 2024-09-06 06:46:12 --> Session: Class initialized using 'CodeIgniter\Session\Handlers\FileHandler' driver.
INFO - 2024-09-06 06:46:30 --> Session: Class initialized using 'CodeIgniter\Session\Handlers\FileHandler' driver.
INFO - 2024-09-06 06:46:30 --> Session: Class initialized using 'CodeIgniter\Session\Handlers\FileHandler' driver.
INFO - 2024-09-06 06:46:32 --> Session: Class initialized using 'CodeIgniter\Session\Handlers\FileHandler' driver.
INFO - 2024-09-06 06:46:33 --> Session: Class initialized using 'CodeIgniter\Session\Handlers\FileHandler' driver.
INFO - 2024-09-06 06:47:37 --> Session: Class initialized using 'CodeIgniter\Session\Handlers\FileHandler' driver.
INFO - 2024-09-06 06:47:38 --> Session: Class initialized using 'CodeIgniter\Session\Handlers\FileHandler' driver.
INFO - 2024-09-06 06:47:41 --> Session: Class initialized using 'CodeIgniter\Session\Handlers\FileHandler' driver.
INFO - 2024-09-06 06:47:41 --> Session: Class initialized using 'CodeIgniter\Session\Handlers\FileHandler' driver.
INFO - 2024-09-06 06:47:45 --> Session: Class initialized using 'CodeIgniter\Session\Handlers\FileHandler' driver.
INFO - 2024-09-06 06:47:45 --> Session: Class initialized using 'CodeIgniter\Session\Handlers\FileHandler' driver.
INFO - 2024-09-06 06:47:47 --> Session: Class initialized using 'CodeIgniter\Session\Handlers\FileHandler' driver.
INFO - 2024-09-06 06:47:47 --> Session: Class initialized using 'CodeIgniter\Session\Handlers\FileHandler' driver.
INFO - 2024-09-06 06:48:34 --> Session: Class initialized using 'CodeIgniter\Session\Handlers\FileHandler' driver.
INFO - 2024-09-06 06:48:35 --> Session: Class initialized using 'CodeIgniter\Session\Handlers\FileHandler' driver.
INFO - 2024-09-06 06:48:38 --> Session: Class initialized using 'CodeIgniter\Session\Handlers\FileHandler' driver.
INFO - 2024-09-06 06:48:38 --> Session: Class initialized using 'CodeIgniter\Session\Handlers\FileHandler' driver.
INFO - 2024-09-06 06:50:43 --> Session: Class initialized using 'CodeIgniter\Session\Handlers\FileHandler' driver.
ERROR - 2024-09-06 06:50:44 --> mysqli_sql_exception: Cannot truncate a table referenced in a foreign key constraint (`essilor`.`jobtask`, CONSTRAINT `fk_ecpid` FOREIGN KEY (`ecpid`) REFERENCES `essilor`.`ecp` (`id`)) in /opt/lampp/htdocs/essilor/vendor/codeigniter4/framework/system/Database/MySQLi/Connection.php:295
Stack trace:
#0 /opt/lampp/htdocs/essilor/vendor/codeigniter4/framework/system/Database/MySQLi/Connection.php(295): mysqli->query('TRUNCATE `ecp`', 0)
#1 /opt/lampp/htdocs/essilor/vendor/codeigniter4/framework/system/Database/BaseConnection.php(691): CodeIgniter\Database\MySQLi\Connection->execute('TRUNCATE `ecp`')
#2 /opt/lampp/htdocs/essilor/vendor/codeigniter4/framework/system/Database/BaseConnection.php(605): CodeIgniter\Database\BaseConnection->simpleQuery('TRUNCATE `ecp`')
#3 /opt/lampp/htdocs/essilor/vendor/codeigniter4/framework/system/Database/BaseBuilder.php(2721): CodeIgniter\Database\BaseConnection->query('TRUNCATE `ecp`', NULL, false)
#4 /opt/lampp/htdocs/essilor/app/Models/EcpModel.php(17): CodeIgniter\Database\BaseBuilder->truncate()
#5 /opt/lampp/htdocs/essilor/app/Controllers/Data.php(94): App\Models\EcpModel->trancateData()
#6 /opt/lampp/htdocs/essilor/vendor/codeigniter4/framework/system/CodeIgniter.php(934): App\Controllers\Data->ImportECP()
#7 /opt/lampp/htdocs/essilor/vendor/codeigniter4/framework/system/CodeIgniter.php(499): CodeIgniter\CodeIgniter->runController(Object(App\Controllers\Data))
#8 /opt/lampp/htdocs/essilor/vendor/codeigniter4/framework/system/CodeIgniter.php(368): CodeIgniter\CodeIgniter->handleRequest(NULL, Object(Config\Cache), false)
#9 /opt/lampp/htdocs/essilor/index.php(67): CodeIgniter\CodeIgniter->run()
#10 {main}
CRITICAL - 2024-09-06 06:50:44 --> Cannot truncate a table referenced in a foreign key constraint (`essilor`.`jobtask`, CONSTRAINT `fk_ecpid` FOREIGN KEY (`ecpid`) REFERENCES `essilor`.`ecp` (`id`))
in SYSTEMPATH/Database/BaseConnection.php on line 645.
 1 SYSTEMPATH/Database/BaseBuilder.php(2721): CodeIgniter\Database\BaseConnection->query('TRUNCATE `ecp`', null, false)
 2 APPPATH/Models/EcpModel.php(17): CodeIgniter\Database\BaseBuilder->truncate()
 3 APPPATH/Controllers/Data.php(94): App\Models\EcpModel->trancateData()
 4 SYSTEMPATH/CodeIgniter.php(934): App\Controllers\Data->ImportECP()
 5 SYSTEMPATH/CodeIgniter.php(499): CodeIgniter\CodeIgniter->runController(Object(App\Controllers\Data))
 6 SYSTEMPATH/CodeIgniter.php(368): CodeIgniter\CodeIgniter->handleRequest(null, Object(Config\Cache), false)
 7 FCPATH/index.php(67): CodeIgniter\CodeIgniter->run()
INFO - 2024-09-06 06:50:44 --> Session: Class initialized using 'CodeIgniter\Session\Handlers\FileHandler' driver.
INFO - 2024-09-06 06:50:47 --> Session: Class initialized using 'CodeIgniter\Session\Handlers\FileHandler' driver.
INFO - 2024-09-06 06:50:48 --> Session: Class initialized using 'CodeIgniter\Session\Handlers\FileHandler' driver.
INFO - 2024-09-06 06:50:58 --> Session: Class initialized using 'CodeIgniter\Session\Handlers\FileHandler' driver.
INFO - 2024-09-06 06:50:58 --> Session: Class initialized using 'CodeIgniter\Session\Handlers\FileHandler' driver.
ERROR - 2024-09-06 06:50:58 --> mysqli_sql_exception: Cannot truncate a table referenced in a foreign key constraint (`essilor`.`jobtask`, CONSTRAINT `fk_ecpid` FOREIGN KEY (`ecpid`) REFERENCES `essilor`.`ecp` (`id`)) in /opt/lampp/htdocs/essilor/vendor/codeigniter4/framework/system/Database/MySQLi/Connection.php:295
Stack trace:
#0 /opt/lampp/htdocs/essilor/vendor/codeigniter4/framework/system/Database/MySQLi/Connection.php(295): mysqli->query('TRUNCATE `ecp`', 0)
#1 /opt/lampp/htdocs/essilor/vendor/codeigniter4/framework/system/Database/BaseConnection.php(691): CodeIgniter\Database\MySQLi\Connection->execute('TRUNCATE `ecp`')
#2 /opt/lampp/htdocs/essilor/vendor/codeigniter4/framework/system/Database/BaseConnection.php(605): CodeIgniter\Database\BaseConnection->simpleQuery('TRUNCATE `ecp`')
#3 /opt/lampp/htdocs/essilor/vendor/codeigniter4/framework/system/Database/BaseBuilder.php(2721): CodeIgniter\Database\BaseConnection->query('TRUNCATE `ecp`', NULL, false)
#4 /opt/lampp/htdocs/essilor/app/Models/EcpModel.php(17): CodeIgniter\Database\BaseBuilder->truncate()
#5 /opt/lampp/htdocs/essilor/app/Controllers/Data.php(94): App\Models\EcpModel->trancateData()
#6 /opt/lampp/htdocs/essilor/vendor/codeigniter4/framework/system/CodeIgniter.php(934): App\Controllers\Data->ImportECP()
#7 /opt/lampp/htdocs/essilor/vendor/codeigniter4/framework/system/CodeIgniter.php(499): CodeIgniter\CodeIgniter->runController(Object(App\Controllers\Data))
#8 /opt/lampp/htdocs/essilor/vendor/codeigniter4/framework/system/CodeIgniter.php(368): CodeIgniter\CodeIgniter->handleRequest(NULL, Object(Config\Cache), false)
#9 /opt/lampp/htdocs/essilor/index.php(67): CodeIgniter\CodeIgniter->run()
#10 {main}
CRITICAL - 2024-09-06 06:50:58 --> Cannot truncate a table referenced in a foreign key constraint (`essilor`.`jobtask`, CONSTRAINT `fk_ecpid` FOREIGN KEY (`ecpid`) REFERENCES `essilor`.`ecp` (`id`))
in SYSTEMPATH/Database/BaseConnection.php on line 645.
 1 SYSTEMPATH/Database/BaseBuilder.php(2721): CodeIgniter\Database\BaseConnection->query('TRUNCATE `ecp`', null, false)
 2 APPPATH/Models/EcpModel.php(17): CodeIgniter\Database\BaseBuilder->truncate()
 3 APPPATH/Controllers/Data.php(94): App\Models\EcpModel->trancateData()
 4 SYSTEMPATH/CodeIgniter.php(934): App\Controllers\Data->ImportECP()
 5 SYSTEMPATH/CodeIgniter.php(499): CodeIgniter\CodeIgniter->runController(Object(App\Controllers\Data))
 6 SYSTEMPATH/CodeIgniter.php(368): CodeIgniter\CodeIgniter->handleRequest(null, Object(Config\Cache), false)
 7 FCPATH/index.php(67): CodeIgniter\CodeIgniter->run()
INFO - 2024-09-06 06:51:00 --> Session: Class initialized using 'CodeIgniter\Session\Handlers\FileHandler' driver.
INFO - 2024-09-06 06:51:01 --> Session: Class initialized using 'CodeIgniter\Session\Handlers\FileHandler' driver.
INFO - 2024-09-06 06:51:18 --> Session: Class initialized using 'CodeIgniter\Session\Handlers\FileHandler' driver.
INFO - 2024-09-06 06:51:20 --> Session: Class initialized using 'CodeIgniter\Session\Handlers\FileHandler' driver.
INFO - 2024-09-06 06:51:20 --> Session: Class initialized using 'CodeIgniter\Session\Handlers\FileHandler' driver.
INFO - 2024-09-06 06:51:24 --> Session: Class initialized using 'CodeIgniter\Session\Handlers\FileHandler' driver.
ERROR - 2024-09-06 06:51:24 --> mysqli_sql_exception: Cannot truncate a table referenced in a foreign key constraint (`essilor`.`jobtask`, CONSTRAINT `fk_ecpid` FOREIGN KEY (`ecpid`) REFERENCES `essilor`.`ecp` (`id`)) in /opt/lampp/htdocs/essilor/vendor/codeigniter4/framework/system/Database/MySQLi/Connection.php:295
Stack trace:
#0 /opt/lampp/htdocs/essilor/vendor/codeigniter4/framework/system/Database/MySQLi/Connection.php(295): mysqli->query('TRUNCATE `ecp`', 0)
#1 /opt/lampp/htdocs/essilor/vendor/codeigniter4/framework/system/Database/BaseConnection.php(691): CodeIgniter\Database\MySQLi\Connection->execute('TRUNCATE `ecp`')
#2 /opt/lampp/htdocs/essilor/vendor/codeigniter4/framework/system/Database/BaseConnection.php(605): CodeIgniter\Database\BaseConnection->simpleQuery('TRUNCATE `ecp`')
#3 /opt/lampp/htdocs/essilor/vendor/codeigniter4/framework/system/Database/BaseBuilder.php(2721): CodeIgniter\Database\BaseConnection->query('TRUNCATE `ecp`', NULL, false)
#4 /opt/lampp/htdocs/essilor/app/Models/EcpModel.php(17): CodeIgniter\Database\BaseBuilder->truncate()
#5 /opt/lampp/htdocs/essilor/app/Controllers/Data.php(94): App\Models\EcpModel->trancateData()
#6 /opt/lampp/htdocs/essilor/vendor/codeigniter4/framework/system/CodeIgniter.php(934): App\Controllers\Data->ImportECP()
#7 /opt/lampp/htdocs/essilor/vendor/codeigniter4/framework/system/CodeIgniter.php(499): CodeIgniter\CodeIgniter->runController(Object(App\Controllers\Data))
#8 /opt/lampp/htdocs/essilor/vendor/codeigniter4/framework/system/CodeIgniter.php(368): CodeIgniter\CodeIgniter->handleRequest(NULL, Object(Config\Cache), false)
#9 /opt/lampp/htdocs/essilor/index.php(67): CodeIgniter\CodeIgniter->run()
#10 {main}
CRITICAL - 2024-09-06 06:51:24 --> Cannot truncate a table referenced in a foreign key constraint (`essilor`.`jobtask`, CONSTRAINT `fk_ecpid` FOREIGN KEY (`ecpid`) REFERENCES `essilor`.`ecp` (`id`))
in SYSTEMPATH/Database/BaseConnection.php on line 645.
 1 SYSTEMPATH/Database/BaseBuilder.php(2721): CodeIgniter\Database\BaseConnection->query('TRUNCATE `ecp`', null, false)
 2 APPPATH/Models/EcpModel.php(17): CodeIgniter\Database\BaseBuilder->truncate()
 3 APPPATH/Controllers/Data.php(94): App\Models\EcpModel->trancateData()
 4 SYSTEMPATH/CodeIgniter.php(934): App\Controllers\Data->ImportECP()
 5 SYSTEMPATH/CodeIgniter.php(499): CodeIgniter\CodeIgniter->runController(Object(App\Controllers\Data))
 6 SYSTEMPATH/CodeIgniter.php(368): CodeIgniter\CodeIgniter->handleRequest(null, Object(Config\Cache), false)
 7 FCPATH/index.php(67): CodeIgniter\CodeIgniter->run()
INFO - 2024-09-06 06:53:35 --> Session: Class initialized using 'CodeIgniter\Session\Handlers\FileHandler' driver.
INFO - 2024-09-06 06:53:37 --> Session: Class initialized using 'CodeIgniter\Session\Handlers\FileHandler' driver.
INFO - 2024-09-06 06:53:38 --> Session: Class initialized using 'CodeIgniter\Session\Handlers\FileHandler' driver.
INFO - 2024-09-06 06:53:45 --> Session: Class initialized using 'CodeIgniter\Session\Handlers\FileHandler' driver.
INFO - 2024-09-06 06:53:52 --> Session: Class initialized using 'CodeIgniter\Session\Handlers\FileHandler' driver.
INFO - 2024-09-06 06:53:54 --> Session: Class initialized using 'CodeIgniter\Session\Handlers\FileHandler' driver.
INFO - 2024-09-06 06:53:54 --> Session: Class initialized using 'CodeIgniter\Session\Handlers\FileHandler' driver.
INFO - 2024-09-06 06:56:04 --> Session: Class initialized using 'CodeIgniter\Session\Handlers\FileHandler' driver.
INFO - 2024-09-06 06:56:07 --> Session: Class initialized using 'CodeIgniter\Session\Handlers\FileHandler' driver.
INFO - 2024-09-06 06:56:09 --> Session: Class initialized using 'CodeIgniter\Session\Handlers\FileHandler' driver.
INFO - 2024-09-06 06:56:16 --> Session: Class initialized using 'CodeIgniter\Session\Handlers\FileHandler' driver.
INFO - 2024-09-06 06:56:18 --> Session: Class initialized using 'CodeIgniter\Session\Handlers\FileHandler' driver.
INFO - 2024-09-06 06:56:18 --> Session: Class initialized using 'CodeIgniter\Session\Handlers\FileHandler' driver.
INFO - 2024-09-06 06:56:29 --> Session: Class initialized using 'CodeIgniter\Session\Handlers\FileHandler' driver.
INFO - 2024-09-06 06:56:29 --> Session: Class initialized using 'CodeIgniter\Session\Handlers\FileHandler' driver.
INFO - 2024-09-06 06:56:31 --> Session: Class initialized using 'CodeIgniter\Session\Handlers\FileHandler' driver.
INFO - 2024-09-06 06:56:32 --> Session: Class initialized using 'CodeIgniter\Session\Handlers\FileHandler' driver.
INFO - 2024-09-06 06:56:45 --> Session: Class initialized using 'CodeIgniter\Session\Handlers\FileHandler' driver.
INFO - 2024-09-06 06:56:47 --> Session: Class initialized using 'CodeIgniter\Session\Handlers\FileHandler' driver.
INFO - 2024-09-06 06:56:47 --> Session: Class initialized using 'CodeIgniter\Session\Handlers\FileHandler' driver.
INFO - 2024-09-06 06:56:53 --> Session: Class initialized using 'CodeIgniter\Session\Handlers\FileHandler' driver.
INFO - 2024-09-06 06:56:56 --> Session: Class initialized using 'CodeIgniter\Session\Handlers\FileHandler' driver.
INFO - 2024-09-06 06:56:58 --> Session: Class initialized using 'CodeIgniter\Session\Handlers\FileHandler' driver.
INFO - 2024-09-06 06:56:58 --> Session: Class initialized using 'CodeIgniter\Session\Handlers\FileHandler' driver.
INFO - 2024-09-06 06:58:15 --> Session: Class initialized using 'CodeIgniter\Session\Handlers\FileHandler' driver.
INFO - 2024-09-06 06:58:18 --> Session: Class initialized using 'CodeIgniter\Session\Handlers\FileHandler' driver.
INFO - 2024-09-06 06:58:18 --> Session: Class initialized using 'CodeIgniter\Session\Handlers\FileHandler' driver.
INFO - 2024-09-06 06:58:22 --> Session: Class initialized using 'CodeIgniter\Session\Handlers\FileHandler' driver.
INFO - 2024-09-06 06:58:24 --> Session: Class initialized using 'CodeIgniter\Session\Handlers\FileHandler' driver.
INFO - 2024-09-06 06:58:26 --> Session: Class initialized using 'CodeIgniter\Session\Handlers\FileHandler' driver.
INFO - 2024-09-06 06:58:27 --> Session: Class initialized using 'CodeIgniter\Session\Handlers\FileHandler' driver.
INFO - 2024-09-06 06:58:40 --> Session: Class initialized using 'CodeIgniter\Session\Handlers\FileHandler' driver.
INFO - 2024-09-06 06:58:42 --> Session: Class initialized using 'CodeIgniter\Session\Handlers\FileHandler' driver.
INFO - 2024-09-06 06:58:42 --> Session: Class initialized using 'CodeIgniter\Session\Handlers\FileHandler' driver.
INFO - 2024-09-06 06:58:46 --> Session: Class initialized using 'CodeIgniter\Session\Handlers\FileHandler' driver.
INFO - 2024-09-06 06:58:47 --> Session: Class initialized using 'CodeIgniter\Session\Handlers\FileHandler' driver.
INFO - 2024-09-06 06:58:49 --> Session: Class initialized using 'CodeIgniter\Session\Handlers\FileHandler' driver.
INFO - 2024-09-06 06:58:49 --> Session: Class initialized using 'CodeIgniter\Session\Handlers\FileHandler' driver.
